<?xml version="1.0" encoding="UTF-8" ?>
<testsuite failures="1" time="19.73" errors="0" skipped="0" tests="1" name="example.FaileJuegaTest">
  <properties>
[...]
</properties>
  <testcase time="19.642" classname="example.FaileJuegaTest" name="testGmail">
    <failure message="java.lang.AssertionError" type="java.lang.AssertionError">java.lang.AssertionError: java.lang.AssertionError
	at org.junit.Assert.fail(Assert.java:93)
	at example.FaileJuegaTest.tearDown(FaileJuegaTest.java:55)
	at sun.reflect.NativeMethodAccessorImpl.invoke0(Native Method)
	at sun.reflect.NativeMethodAccessorImpl.invoke(NativeMethodAccessorImpl.java:57)
	at sun.reflect.DelegatingMethodAccessorImpl.invoke(DelegatingMethodAccessorImpl.java:43)
	at java.lang.reflect.Method.invoke(Method.java:601)
	at org.junit.runners.model.FrameworkMethod$1.runReflectiveCall(FrameworkMethod.java:44)
	at org.junit.internal.runners.model.ReflectiveCallable.run(ReflectiveCallable.java:15)
	at org.junit.runners.model.FrameworkMethod.invokeExplosively(FrameworkMethod.java:41)
	at org.junit.internal.runners.statements.RunAfters.evaluate(RunAfters.java:37)
	at org.junit.runners.ParentRunner.runLeaf(ParentRunner.java:263)
	at org.junit.runners.BlockJUnit4ClassRunner.runChild(BlockJUnit4ClassRunner.java:69)
	at org.junit.runners.BlockJUnit4ClassRunner.runChild(BlockJUnit4ClassRunner.java:48)
	at org.junit.runners.ParentRunner$3.run(ParentRunner.java:231)
	at org.junit.runners.ParentRunner$1.schedule(ParentRunner.java:60)
	at org.junit.runners.ParentRunner.runChildren(ParentRunner.java:229)
	at org.junit.runners.ParentRunner.access$000(ParentRunner.java:50)
	at org.junit.runners.ParentRunner$2.evaluate(ParentRunner.java:222)
	at org.junit.runners.ParentRunner.run(ParentRunner.java:292)
	at org.apache.maven.surefire.junit4.JUnit4TestSet.execute(JUnit4TestSet.java:53)
	at org.apache.maven.surefire.junit4.JUnit4Provider.executeTestSet(JUnit4Provider.java:123)
	at org.apache.maven.surefire.junit4.JUnit4Provider.invoke(JUnit4Provider.java:104)
	at sun.reflect.NativeMethodAccessorImpl.invoke0(Native Method)
	at sun.reflect.NativeMethodAccessorImpl.invoke(NativeMethodAccessorImpl.java:57)
	at sun.reflect.DelegatingMethodAccessorImpl.invoke(DelegatingMethodAccessorImpl.java:43)
	at java.lang.reflect.Method.invoke(Method.java:601)
	at org.apache.maven.surefire.util.ReflectionUtils.invokeMethodWithArray(ReflectionUtils.java:164)
	at org.apache.maven.surefire.booter.ProviderFactory$ProviderProxy.invoke(ProviderFactory.java:110)
	at org.apache.maven.surefire.booter.SurefireStarter.invokeProvider(SurefireStarter.java:175)
	at org.apache.maven.surefire.booter.SurefireStarter.runSuitesInProcessWhenForked(SurefireStarter.java:107)
	at org.apache.maven.surefire.booter.ForkedBooter.main(ForkedBooter.java:68)
</failure>
    <system-out>Starting test execution!!
Page title is: Gmail: Email from Google
Something went wrong!!
Works perfectly!!
</system-out>
    <system-err>[0.792][INFO]: received WebDriver request: GET /status 
[0.792][INFO]: sending WebDriver response: 200 {
   &quot;sessionId&quot;: &quot;&quot;,
   &quot;status&quot;: 0,
   &quot;value&quot;: {
      &quot;build&quot;: {
         &quot;version&quot;: &quot;alpha&quot;
      },
      &quot;os&quot;: {
         &quot;arch&quot;: &quot;x86_64&quot;,
         &quot;name&quot;: &quot;Windows NT&quot;,
         &quot;version&quot;: &quot;6.1 SP1&quot;
      }
   }
}
[1.048][INFO]: received WebDriver request: POST /session {
   &quot;desiredCapabilities&quot;: {
      &quot;browserName&quot;: &quot;chrome&quot;,
      &quot;chrome.switches&quot;: [  ],
      &quot;chromeOptions&quot;: {
         &quot;args&quot;: [  ],
         &quot;extensions&quot;: [  ]
      },
      &quot;platform&quot;: &quot;ANY&quot;,
      &quot;version&quot;: &quot;&quot;
   }
}
[1.059][INFO]: Launching chrome: &quot;C:\Users\user\AppData\Local\Google\Chrome\Application\chrome.exe&quot; --remote-debugging-port=49589 --no-first-run --enable-logging --logging-level=1 --user-data-dir=&quot;C:\Users\user\AppData\Local\Temp\scoped_dir4372_28896&quot; --load-extension=&quot;C:\Users\user\AppData\Local\Temp\scoped_dir4372_18285\internal&quot; --ignore-certificate-errors data:text/html;charset=utf-8,
[11.258][INFO]: sending WebDriver response: 303 
[11.272][INFO]: received WebDriver request: GET /session/208f4da7fe6956d2a91cf1107e6c98b1 
[11.276][INFO]: sending WebDriver response: 200 {
   &quot;sessionId&quot;: &quot;208f4da7fe6956d2a91cf1107e6c98b1&quot;,
   &quot;status&quot;: 0,
   &quot;value&quot;: {
      &quot;acceptSslCerts&quot;: true,
      &quot;applicationCacheEnabled&quot;: false,
      &quot;browserConnectionEnabled&quot;: false,
      &quot;browserName&quot;: &quot;chrome&quot;,
      &quot;chrome&quot;: {
         &quot;chromedriverVersion&quot;: &quot;2.0&quot;
      },
      &quot;cssSelectorsEnabled&quot;: true,
      &quot;databaseEnabled&quot;: true,
      &quot;handlesAlerts&quot;: true,
      &quot;javascriptEnabled&quot;: true,
      &quot;locationContextEnabled&quot;: true,
      &quot;nativeEvents&quot;: true,
      &quot;platform&quot;: &quot;Windows NT&quot;,
      &quot;rotatable&quot;: false,
      &quot;takesScreenshot&quot;: true,
      &quot;version&quot;: &quot;28.0.1500.72&quot;,
      &quot;webStorageEnabled&quot;: true
   }
}
[11.322][INFO]: received WebDriver request: POST /session/208f4da7fe6956d2a91cf1107e6c98b1/timeouts/implicit_wait {
   &quot;ms&quot;: 30000
}
[11.330][INFO]: sending WebDriver response: 200 {
   &quot;sessionId&quot;: &quot;208f4da7fe6956d2a91cf1107e6c98b1&quot;,
   &quot;status&quot;: 0,
   &quot;value&quot;: null
}
[11.334][INFO]: received WebDriver request: POST /session/208f4da7fe6956d2a91cf1107e6c98b1/url {
   &quot;url&quot;: &quot;htt://gmail.com/&quot;
}
[11.356][INFO]: waiting for pending navigations...
[11.372][INFO]: done waiting for pending navigations
[11.450][INFO]: waiting for pending navigations...
[13.800][INFO]: done waiting for pending navigations
[13.801][INFO]: sending WebDriver response: 200 {
   &quot;sessionId&quot;: &quot;208f4da7fe6956d2a91cf1107e6c98b1&quot;,
   &quot;status&quot;: 0,
   &quot;value&quot;: null
}
[13.803][INFO]: received WebDriver request: GET /session/208f4da7fe6956d2a91cf1107e6c98b1/title 
[13.804][INFO]: waiting for pending navigations...
[13.804][INFO]: done waiting for pending navigations
[13.811][INFO]: waiting for pending navigations...
[13.811][INFO]: done waiting for pending navigations
[13.811][INFO]: sending WebDriver response: 200 {
   &quot;sessionId&quot;: &quot;20f4da7fe6956d2a91cf1107e6c9b1&quot;,
   &quot;status&quot;: 0,
   &quot;value&quot;: &quot;Gmail: Email from Google&quot;
}
[13.823][INFO]: received WebDriver request: POST /session/208f4da7fe6956d2a91cf1107e6c98b1/element {
   &quot;using&quot;: &quot;id&quot;,
   &quot;value&quot;: &quot;Email&quot;
}
[13.823][INFO]: waiting for pending navigations...
[13.823][INFO]: done waiting for pending navigations
[13.859][INFO]: waiting for pending navigations...
[13.859][INFO]: done waiting for pending navigations
[13.859][INFO]: sending WebDriver response: 200 {
   &quot;sessionId&quot;: &quot;208f4da7fe6956d2a91cf1107e6c98b1&quot;,
   &quot;status&quot;: 0,
   &quot;value&quot;: {
      &quot;ELEMENT&quot;: &quot;0.10136764473281801:1&quot;
   }
}
[13.870][INFO]: received WebDriver request: POST /session/208f4da7fe6956d2a91cf1107e6c98b1/element/0.10136764473281801:1/clear {
   &quot;id&quot;: &quot;0.10136764473281801:1&quot;
}
[13.870][INFO]: waiting for pending navigations...
[13.870][INFO]: done waiting for pending navigations
[13.910][INFO]: waiting for pending navigations...
[13.911][INFO]: done waiting for pending navigations
[13.911][INFO]: sending WebDriver response: 200 {
   &quot;sessionId&quot;: &quot;208f4da7fe6956d2a91cf1107e6c98b1&quot;,
   &quot;status&quot;: 0,
   &quot;value&quot;: null
}
[13.915][INFO]: received WebDriver request: POT /session/208f4da7fe6956d2a91cf1107e6c98b1/element {
   &quot;using&quot;: &quot;id&quot;,
   &quot;value&quot;: &quot;Email&quot;
}
[13.916][INFO]: waiting for pending navigations...
[13.916][INFO]: done waiting for pending navigations
[13.945][INFO]: waiting for pending navigations...
[13.945][INFO]: done waiting for pending navigations
[13.946][INFO]: sending WebDriver response: 200 {
   &quot;sessionId&quot;: &quot;208f4da7fe6956d2a91cf1107e6c98b1&quot;,
   &quot;status&quot;: 0,
   &quot;value&quot;: {
      &quot;ELEMENT&quot;: &quot;0.10136764473281801:1&quot;
   }
}
[13.951][INFO]: received WebDriver request: POST /session/208f4da7fe6956d2a91cf1107e6c98b1/element/0.10136764473281801:1/value {
   &quot;id&quot;: &quot;0.10136764473281801:1&quot;,
   &quot;value&quot;: [ &quot;as@as.com&quot; ]
}
[13.952][INFO]: waiting for pending navigations...
[13.952][INFO]: done waiting for pending navigations
[14.160][INFO]: waiting for pending navigations...
[14.160][INFO]: done waiting for pending navigations
[14.160][INFO]: sending WebDriver response: 200 {
   &quot;sessionId&quot;: &quot;208f4da7fe6956d2a91cf1107e6c98b1&quot;,
   &quot;status&quot;: 0,
   &quot;value&quot;: null
}
[14.163][INFO]: received WebDriver request: POST /session/20f4da7fe6956d2a91cf1107e6c9b1/element {
   &quot;using&quot;: &quot;id&quot;,
   &quot;value&quot;: &quot;Passwd&quot;
}
[14.165][INFO]: waiting for pending navigations...
[14.165][INFO]: done waiting for pending navigations
[14.198][INFO]: waiting for pending navigations...
[14.198][INFO]: done waiting for pending navigations
[14.198][INFO]: sending WebDriver response: 200 {
   &quot;sessionId&quot;: &quot;208f4da7fe6956d2a91cf1107e6c98b1&quot;,
   &quot;status&quot;: 0,
   &quot;value&quot;: {
      &quot;ELEMENT&quot;: &quot;0.10136764473281801:2&quot;
   }
}
[14.201][INFO]: received WebDriver request: POST /session/208f4da7fe6956d2a91cf1107e6c98b1/element/0.10136764473281801:2/clear {
   &quot;id&quot;: &quot;0.10136764473281801:2&quot;
}
[14.203][INFO]: waiting for pending navigations...
[14.203][INFO]: done waiting for pending navigations
[14.247][INFO]: waiting for pening navigations...
[14.247][INFO]: one waiting for pening navigations
[14.249][INFO]: sending WebDriver response: 200 {
   &quot;sessionId&quot;: &quot;208f4da7fe6956d2a91cf1107e6c98b1&quot;,
   &quot;status&quot;: 0,
   &quot;vaue&quot;: nu
}
[14.253][INFO]: received WebDriver request: POST /session/208f4da7fe6956d2a91cf1107e6c98b1/element 
   &quot;using&quot;: &quot;id&quot;,
   &quot;value&quot;: &quot;Passwd&quot;
}
[14.254][INFO]: waiting for pending navigations...
[14.254][INFO]: done waiting for pending navigations
[14.269][INFO]: waiting for pending navigations...
[14.269][INFO]: done waiting for pending navigations
[14.269][INFO]: sending WebDriver response: 200 {
   &quot;sessionId&quot;: &quot;208f4da7fe6956d2a91cf1107e6c98b1&quot;,
   &quot;status&quot;: 0,
   &quot;value&quot;: {
      &quot;ELEMENT&quot;: &quot;0.10136764473281801:2&quot;
   }
}
[14.273][INFO]: received WebDriver request: POST /session/208f4da7fe6956d2a91cf1107e6c98b1/element/0.10136764473281801:2/value {
   &quot;id&quot;: &quot;0.10136764473281801:2&quot;,
   &quot;value&quot;: [ &quot;aaaaaa&quot; ]
}
[14.278][INFO]: waiting for ending navigations...
[14.278][INFO]: done waiting for ending navigations
[14.398][INFO]: waiting for pending navigations...
[14.398][INFO]: done waiting for pending navigations
[14.398][INFO]: sending WebDriver response: 2 {
   &quot;sessionId&quot;: &quot;28f4da7fe6956d2a91cf117e6c98b1&quot;,
   &quot;status&quot;: ,
   &quot;value&quot;: null
}
[14.401][INFO]: received WebDriver request: POST /session/208f4da7fe6956d2a91cf1107e6c98b1/element {
   &quot;using&quot;: &quot;id&quot;,
   &quot;value&quot;: &quot;signIn&quot;
}
[14.403][INFO]: waiting for pending navigations...
[14.403][INFO]: done waiting for pending navigations
[14.433][INFO]: waiting for pending navigations...
[14.433][INFO]: done waiting for pending navigations
[14.433][INFO]: sending WebDriver response 200 {
   &quot;sessionId&quot; &quot;208f4da7fe6956d2a91cf1107e6c98b1&quot;,
   &quot;status&quot; 0,
   &quot;value&quot; {
      &quot;ELEMENT&quot; &quot;0.101367644732818013&quot;
   }
}
[14.436][INFO]: received WebDriver request: POST /session/208f4da7fe6956d2a91cf1107e6c98b1/element/0.10136764473281801:3/click {
   &quot;id&quot;: &quot;0.10136764473281801:3&quot;
}
[14.438][INFO]: waiting for ending navigations...
[14.438][INFO]: done waiting for ending navigations
[14.517][INFO]: waiting for pending navigations...
[15.088][INFO]: done waiting for pending navigations
[15.088][INFO]: sending WebDriver response: 200 {
   &quot;sessionId&quot;: &quot;208f4da7fe656d2a1cf1107e6c8b1&quot;,
   &quot;status&quot;: 0,
   &quot;value&quot;: null
}
[15.092][INFO]: receivedWebDriverrequest:POST/session/208f4da7fe6956d2a91cf1107e6c98b1/element{
&quot;using&quot;:&quot;cssselector&quot;,
&quot;value&quot;:&quot;BODY&quot;
}
[15.095][INFO]: waiting for pending navigations...
[15.096][INFO]: done waiting for pending navigations
[15.128][INFO]: waiting for pending navigations...
[15.128][INFO]: done waiting for pending navigations
[15.129][INFO]: sending WebDriver response: 200 {
   &quot;sessionId&quot;: &quot;208f4da7fe6956d2a91cf1107e6c98b1&quot;,
   &quot;status&quot;: 0,
   &quot;value&quot;: {
      &quot;ELEMENT&quot;: &quot;0.4636921607889235:1&quot;
   }
}
[15.133][INFO]: received WebDriver request: GET /session/208f4da7fe6956d2a91cf1107e6c98b1/element/0.4636921607889235:1/text 
[15.134][INFO]: waiting for pending navigations...
[15.134][INFO]: done waiting for pending navigations
[15.263][INFO]: waiting for pending navigations...
[15.263][INFO]: done waiting for pending navigations
[15.264][INFO]: sending WebDriver response: 200 {
   &quot;sessionId&quot;: &quot;208f4da7fe6956d2a91cf1107e6c98b1&quot;,
   &quot;status&quot;: 0,
   &quot;value&quot;: &quot;New to Gmail? CREATE AN ACCOUNT\nSign in\nUsername\nPassword\nThe username or password you entered is incorrect. ?\nStay signed in\nCan&apos;t access your account?\nGmail\nExperience the ease and simplicity of ...&quot;
}
[15.277][INFO]: received WebDriver request: GET /session/208f4da7fe6956d2a91cf1107e6c98b1/screenshot 
[15.278][INFO]: waiting for pending navigations...
[15.278][INFO]: done waiting for pending navigations
[15.440][INFO]: waiting for pending navigations...
[15.440][INFO]: done waiting for pending navigations
[15.453][INFO]: sending WebDriver response: 200 {
   &quot;sessionId&quot;: &quot;208f4da7fe6956d2a91cf1107e6c98b1&quot;,
   &quot;status&quot;: 0,
   &quot;value&quot;: &quot;iVBORw0KGgoAAAANSUhEUgAABBAAAANyCAIAAABUnK94AAAgAElEQVR4nOzdeZycR30n/m/Vc/U994xGlmRbtmRJlg3yAT6wjWUMJjEksIAhG9h1CGEh52ZDCJtkSfILySYhx254LWyyCYEQgkMCCWDp4SRLfmWbEk+dI9Gmkvqmem7+zmqfn/U8zz9qKd7NCONN...&quot;
}
[17.574][INFO]: received WebDriver request: DELETE /session/208f4da7fe6956d2a91cf1107e6c98b1 
[17.783][INFO]: sending WebDriver response: 200 {
   &quot;sessionId&quot;: &quot;208f4da7fe6956d2a91cf1107e6c98b1&quot;,
   &quot;status&quot;: 0,
   &quot;value&quot;: null
}
[17.790][INFO]: received WebDriver reques: GET /shudown 
[17.790][INFO]: sending WebDriver response: 2 {
   &quot;sessionId&quot;: &quot;&quot;,
   &quot;saus&quot;: ,
   &quot;value&quot;: null
}
Started ChromeDriver (v2.0) on port 28685
</system-err>
  </testcase>
</testsuite>